<?xml version="1.0" encoding="UTF-8"?>
<!-- Generated by org.testng.reporters.JUnitXMLReporter -->
<testsuite hostname="Shivanagayya" ignored="0" name="Surefire test" tests="5" failures="1" timestamp="01 Sep 2023 09:47:20 GMT" time="67.295" errors="0">
  <testcase name="LoginApplication" time="0.562" classname="testPrograms.ErrorValidationsTest">
    <skipped/>
  </testcase> <!-- LoginApplication -->
  <testcase name="LoginApplication" time="1.147" classname="testPrograms.ErrorValidationsTest">
    <failure type="java.lang.AssertionError" message="null">
      <![CDATA[java.lang.AssertionError: null
at testPrograms.ErrorValidationsTest.LoginApplication(ErrorValidationsTest.java:21)
... Removed 33 stack frames]]>
    </failure>
  </testcase> <!-- LoginApplication -->
  <testcase name="submiteOrder" time="16.295" classname="testPrograms.SubmitOrderTest"/>
  <testcase name="submiteOrder" time="15.248" classname="testPrograms.SubmitOrderTest"/>
  <testcase name="orderHistoryTest" time="1.164" classname="testPrograms.SubmitOrderTest"/>
</testsuite> <!-- Surefire test -->
