<?xml version="1.0" encoding="UTF-8"?>
<!-- Generated by org.testng.reporters.JUnitXMLReporter -->
<testsuite ignored="0" hostname="Shivanagayya" failures="1" tests="5" name="Test" time="117.285" errors="0" timestamp="23 Aug 2023 18:15:08 GMT">
  <testcase classname="testPrograms.ErrorValidationsTest" name="LoginApplication" time="1.086">
    <skipped/>
  </testcase> <!-- LoginApplication -->
  <testcase classname="testPrograms.ErrorValidationsTest" name="LoginApplication" time="0.73">
    <failure type="java.lang.AssertionError" message="null">
      <![CDATA[java.lang.AssertionError: null
at testPrograms.ErrorValidationsTest.LoginApplication(ErrorValidationsTest.java:21)
... Removed 28 stack frames]]>
    </failure>
  </testcase> <!-- LoginApplication -->
  <testcase classname="testPrograms.SubmitOrderTest" name="submiteOrder" time="62.329"/>
  <testcase classname="testPrograms.SubmitOrderTest" name="submiteOrder" time="16.326"/>
  <testcase classname="testPrograms.SubmitOrderTest" name="orderHistoryTest" time="1.618"/>
</testsuite> <!-- Test -->
