<?xml version="1.0" encoding="UTF-8"?>
<!-- Generated by org.testng.reporters.JUnitXMLReporter -->
<testsuite ignored="0" hostname="Shivanagayya" failures="1" tests="2" name="Test(failed)" time="22.993" errors="0" timestamp="01 Sep 2023 17:27:25 GMT">
  <testcase classname="testPrograms.ErrorValidationsTest" name="LoginApplication" time="1.143">
    <skipped/>
  </testcase> <!-- LoginApplication -->
  <testcase classname="testPrograms.ErrorValidationsTest" name="LoginApplication" time="0.892">
    <failure type="java.lang.AssertionError" message="null">
      <![CDATA[java.lang.AssertionError: null
at testPrograms.ErrorValidationsTest.LoginApplication(ErrorValidationsTest.java:21)
... Removed 28 stack frames]]>
    </failure>
  </testcase> <!-- LoginApplication -->
</testsuite> <!-- Test(failed) -->
