<?xml version="1.0" encoding="UTF-8"?>
<testng-results skipped="1" failed="1" ignored="0" total="5" passed="3">
  <reporter-output>
  </reporter-output>
  <suite name="Surefire suite" duration-ms="67295" started-at="2023-09-01T09:46:13Z" finished-at="2023-09-01T09:47:20Z">
    <groups>
      <group name="purchaseOrder">
        <method signature="SubmitOrderTest.submiteOrder(java.util.HashMap)[pri:0, instance:testPrograms.SubmitOrderTest@55f3ddb1]" name="submiteOrder" class="testPrograms.SubmitOrderTest"/>
      </group> <!-- purchaseOrder -->
      <group name="ErrorHandlingTest">
        <method signature="ErrorValidationsTest.LoginApplication()[pri:0, instance:testPrograms.ErrorValidationsTest@cc285f4]" name="LoginApplication" class="testPrograms.ErrorValidationsTest"/>
      </group> <!-- ErrorHandlingTest -->
    </groups>
    <test name="Surefire test" duration-ms="67295" started-at="2023-09-01T09:46:13Z" finished-at="2023-09-01T09:47:20Z">
      <class name="testPrograms.SubmitOrderTest">
        <test-method status="PASS" signature="launchApplication()[pri:0, instance:testPrograms.SubmitOrderTest@55f3ddb1]" name="launchApplication" is-config="true" duration-ms="4614" started-at="2023-09-01T09:46:31Z" finished-at="2023-09-01T09:46:36Z">
          <reporter-output>
          </reporter-output>
        </test-method> <!-- launchApplication -->
        <test-method status="PASS" signature="submiteOrder(java.util.HashMap)[pri:0, instance:testPrograms.SubmitOrderTest@55f3ddb1]" name="submiteOrder" duration-ms="16295" started-at="2023-09-01T09:46:36Z" data-provider="getData" finished-at="2023-09-01T09:46:52Z">
          <params>
            <param index="0">
              <value>
                <![CDATA[{password=Sbg@2023, product=ZARA COAT 3, email=shiva.swami88@gmail.com}]]>
              </value>
            </param>
          </params>
          <reporter-output>
          </reporter-output>
        </test-method> <!-- submiteOrder -->
        <test-method status="PASS" signature="tearDown()[pri:0, instance:testPrograms.SubmitOrderTest@55f3ddb1]" name="tearDown" is-config="true" duration-ms="623" started-at="2023-09-01T09:46:52Z" finished-at="2023-09-01T09:46:52Z">
          <reporter-output>
          </reporter-output>
        </test-method> <!-- tearDown -->
        <test-method status="PASS" signature="launchApplication()[pri:0, instance:testPrograms.SubmitOrderTest@55f3ddb1]" name="launchApplication" is-config="true" duration-ms="5039" started-at="2023-09-01T09:46:52Z" finished-at="2023-09-01T09:46:58Z">
          <reporter-output>
          </reporter-output>
        </test-method> <!-- launchApplication -->
        <test-method status="PASS" signature="submiteOrder(java.util.HashMap)[pri:0, instance:testPrograms.SubmitOrderTest@55f3ddb1]" name="submiteOrder" duration-ms="15248" started-at="2023-09-01T09:46:58Z" data-provider="getData" finished-at="2023-09-01T09:47:13Z">
          <params>
            <param index="0">
              <value>
                <![CDATA[{password=Sbg@2023, product=ADIDAS ORIGINAL, email=shiva.swami88@gmail.com}]]>
              </value>
            </param>
          </params>
          <reporter-output>
          </reporter-output>
        </test-method> <!-- submiteOrder -->
        <test-method status="PASS" signature="tearDown()[pri:0, instance:testPrograms.SubmitOrderTest@55f3ddb1]" name="tearDown" is-config="true" duration-ms="716" started-at="2023-09-01T09:47:13Z" finished-at="2023-09-01T09:47:14Z">
          <reporter-output>
          </reporter-output>
        </test-method> <!-- tearDown -->
        <test-method status="PASS" signature="launchApplication()[pri:0, instance:testPrograms.SubmitOrderTest@55f3ddb1]" name="launchApplication" is-config="true" duration-ms="4887" started-at="2023-09-01T09:47:14Z" finished-at="2023-09-01T09:47:18Z">
          <reporter-output>
          </reporter-output>
        </test-method> <!-- launchApplication -->
        <test-method status="PASS" signature="orderHistoryTest()[pri:0, instance:testPrograms.SubmitOrderTest@55f3ddb1]" name="orderHistoryTest" duration-ms="1164" started-at="2023-09-01T09:47:18Z" depends-on-methods="testPrograms.SubmitOrderTest.submiteOrder" finished-at="2023-09-01T09:47:20Z">
          <reporter-output>
          </reporter-output>
        </test-method> <!-- orderHistoryTest -->
        <test-method status="PASS" signature="tearDown()[pri:0, instance:testPrograms.SubmitOrderTest@55f3ddb1]" name="tearDown" is-config="true" duration-ms="711" started-at="2023-09-01T09:47:20Z" finished-at="2023-09-01T09:47:20Z">
          <reporter-output>
          </reporter-output>
        </test-method> <!-- tearDown -->
      </class> <!-- testPrograms.SubmitOrderTest -->
      <class name="testPrograms.ErrorValidationsTest">
        <test-method status="PASS" signature="launchApplication()[pri:0, instance:testPrograms.ErrorValidationsTest@cc285f4]" name="launchApplication" is-config="true" duration-ms="9899" started-at="2023-09-01T09:46:13Z" finished-at="2023-09-01T09:46:23Z">
          <reporter-output>
          </reporter-output>
        </test-method> <!-- launchApplication -->
        <test-method status="SKIP" signature="LoginApplication()[pri:0, instance:testPrograms.ErrorValidationsTest@cc285f4]" name="LoginApplication" duration-ms="562" started-at="2023-09-01T09:46:23Z" finished-at="2023-09-01T09:46:23Z">
          <exception class="java.lang.AssertionError">
            <message>
              <![CDATA[null]]>
            </message>
            <full-stacktrace>
              <![CDATA[java.lang.AssertionError: null
at org.testng.Assert.fail(Assert.java:96)
at org.testng.Assert.assertNotEquals(Assert.java:1157)
at org.testng.Assert.assertNotEquals(Assert.java:1162)
at testPrograms.ErrorValidationsTest.LoginApplication(ErrorValidationsTest.java:21)
at sun.reflect.NativeMethodAccessorImpl.invoke0(Native Method)
at sun.reflect.NativeMethodAccessorImpl.invoke(NativeMethodAccessorImpl.java:62)
at sun.reflect.DelegatingMethodAccessorImpl.invoke(DelegatingMethodAccessorImpl.java:43)
at java.lang.reflect.Method.invoke(Method.java:498)
at org.testng.internal.MethodInvocationHelper.invokeMethod(MethodInvocationHelper.java:124)
at org.testng.internal.Invoker.invokeMethod(Invoker.java:583)
at org.testng.internal.Invoker.invokeTestMethod(Invoker.java:719)
at org.testng.internal.Invoker.invokeTestMethods(Invoker.java:989)
at org.testng.internal.TestMethodWorker.invokeTestMethods(TestMethodWorker.java:125)
at org.testng.internal.TestMethodWorker.run(TestMethodWorker.java:109)
at org.testng.TestRunner.privateRun(TestRunner.java:648)
at org.testng.TestRunner.run(TestRunner.java:505)
at org.testng.SuiteRunner.runTest(SuiteRunner.java:455)
at org.testng.SuiteRunner.runSequentially(SuiteRunner.java:450)
at org.testng.SuiteRunner.privateRun(SuiteRunner.java:415)
at org.testng.SuiteRunner.run(SuiteRunner.java:364)
at org.testng.SuiteRunnerWorker.runSuite(SuiteRunnerWorker.java:52)
at org.testng.SuiteRunnerWorker.run(SuiteRunnerWorker.java:84)
at org.testng.TestNG.runSuitesSequentially(TestNG.java:1208)
at org.testng.TestNG.runSuitesLocally(TestNG.java:1137)
at org.testng.TestNG.runSuites(TestNG.java:1049)
at org.testng.TestNG.run(TestNG.java:1017)
at org.apache.maven.surefire.testng.TestNGExecutor.run(TestNGExecutor.java:135)
at org.apache.maven.surefire.testng.TestNGDirectoryTestSuite.executeMulti(TestNGDirectoryTestSuite.java:193)
at org.apache.maven.surefire.testng.TestNGDirectoryTestSuite.execute(TestNGDirectoryTestSuite.java:94)
at org.apache.maven.surefire.testng.TestNGProvider.invoke(TestNGProvider.java:146)
at org.apache.maven.surefire.booter.ForkedBooter.invokeProviderInSameClassLoader(ForkedBooter.java:384)
at org.apache.maven.surefire.booter.ForkedBooter.runSuitesInProcess(ForkedBooter.java:345)
at org.apache.maven.surefire.booter.ForkedBooter.execute(ForkedBooter.java:126)
at org.apache.maven.surefire.booter.ForkedBooter.main(ForkedBooter.java:418)
]]>
            </full-stacktrace>
          </exception> <!-- java.lang.AssertionError -->
          <reporter-output>
          </reporter-output>
        </test-method> <!-- LoginApplication -->
        <test-method status="PASS" signature="tearDown()[pri:0, instance:testPrograms.ErrorValidationsTest@cc285f4]" name="tearDown" is-config="true" duration-ms="668" started-at="2023-09-01T09:46:23Z" finished-at="2023-09-01T09:46:24Z">
          <reporter-output>
          </reporter-output>
        </test-method> <!-- tearDown -->
        <test-method status="PASS" signature="launchApplication()[pri:0, instance:testPrograms.ErrorValidationsTest@cc285f4]" name="launchApplication" is-config="true" duration-ms="4733" started-at="2023-09-01T09:46:24Z" finished-at="2023-09-01T09:46:29Z">
          <reporter-output>
          </reporter-output>
        </test-method> <!-- launchApplication -->
        <test-method status="FAIL" signature="LoginApplication()[pri:0, instance:testPrograms.ErrorValidationsTest@cc285f4]" name="LoginApplication" duration-ms="1147" started-at="2023-09-01T09:46:29Z" finished-at="2023-09-01T09:46:30Z">
          <exception class="java.lang.AssertionError">
            <message>
              <![CDATA[null]]>
            </message>
            <full-stacktrace>
              <![CDATA[java.lang.AssertionError: null
at org.testng.Assert.fail(Assert.java:96)
at org.testng.Assert.assertNotEquals(Assert.java:1157)
at org.testng.Assert.assertNotEquals(Assert.java:1162)
at testPrograms.ErrorValidationsTest.LoginApplication(ErrorValidationsTest.java:21)
at sun.reflect.NativeMethodAccessorImpl.invoke0(Native Method)
at sun.reflect.NativeMethodAccessorImpl.invoke(NativeMethodAccessorImpl.java:62)
at sun.reflect.DelegatingMethodAccessorImpl.invoke(DelegatingMethodAccessorImpl.java:43)
at java.lang.reflect.Method.invoke(Method.java:498)
at org.testng.internal.MethodInvocationHelper.invokeMethod(MethodInvocationHelper.java:124)
at org.testng.internal.Invoker.invokeMethod(Invoker.java:583)
at org.testng.internal.Invoker.retryFailed(Invoker.java:839)
at org.testng.internal.Invoker.invokeTestMethods(Invoker.java:1010)
at org.testng.internal.TestMethodWorker.invokeTestMethods(TestMethodWorker.java:125)
at org.testng.internal.TestMethodWorker.run(TestMethodWorker.java:109)
at org.testng.TestRunner.privateRun(TestRunner.java:648)
at org.testng.TestRunner.run(TestRunner.java:505)
at org.testng.SuiteRunner.runTest(SuiteRunner.java:455)
at org.testng.SuiteRunner.runSequentially(SuiteRunner.java:450)
at org.testng.SuiteRunner.privateRun(SuiteRunner.java:415)
at org.testng.SuiteRunner.run(SuiteRunner.java:364)
at org.testng.SuiteRunnerWorker.runSuite(SuiteRunnerWorker.java:52)
at org.testng.SuiteRunnerWorker.run(SuiteRunnerWorker.java:84)
at org.testng.TestNG.runSuitesSequentially(TestNG.java:1208)
at org.testng.TestNG.runSuitesLocally(TestNG.java:1137)
at org.testng.TestNG.runSuites(TestNG.java:1049)
at org.testng.TestNG.run(TestNG.java:1017)
at org.apache.maven.surefire.testng.TestNGExecutor.run(TestNGExecutor.java:135)
at org.apache.maven.surefire.testng.TestNGDirectoryTestSuite.executeMulti(TestNGDirectoryTestSuite.java:193)
at org.apache.maven.surefire.testng.TestNGDirectoryTestSuite.execute(TestNGDirectoryTestSuite.java:94)
at org.apache.maven.surefire.testng.TestNGProvider.invoke(TestNGProvider.java:146)
at org.apache.maven.surefire.booter.ForkedBooter.invokeProviderInSameClassLoader(ForkedBooter.java:384)
at org.apache.maven.surefire.booter.ForkedBooter.runSuitesInProcess(ForkedBooter.java:345)
at org.apache.maven.surefire.booter.ForkedBooter.execute(ForkedBooter.java:126)
at org.apache.maven.surefire.booter.ForkedBooter.main(ForkedBooter.java:418)
]]>
            </full-stacktrace>
          </exception> <!-- java.lang.AssertionError -->
          <reporter-output>
          </reporter-output>
        </test-method> <!-- LoginApplication -->
        <test-method status="PASS" signature="tearDown()[pri:0, instance:testPrograms.ErrorValidationsTest@cc285f4]" name="tearDown" is-config="true" duration-ms="645" started-at="2023-09-01T09:46:30Z" finished-at="2023-09-01T09:46:31Z">
          <reporter-output>
          </reporter-output>
        </test-method> <!-- tearDown -->
      </class> <!-- testPrograms.ErrorValidationsTest -->
    </test> <!-- Surefire test -->
  </suite> <!-- Surefire suite -->
</testng-results>
